android/app/build/intermediates/manifest_merge_blame_file/debug/manifest-merger-blame-debug-report.txt
1<?xml version="1.0" encoding="utf-8"?>
2<manifest xmlns:android="http://schemas.android.com/apk/res/android"
3    package="com.itorg.management"
4    android:versionCode="1"
5    android:versionName="1.0.0" >
6
7    <uses-sdk
8        android:minSdkVersion="21"
9        android:targetSdkVersion="34" />
10
11    <!-- Required Permissions for the app to work -->
12    <uses-permission android:name="android.permission.INTERNET" />
12-->src/main/AndroidManifest.xml:6:5-67
12-->src/main/AndroidManifest.xml:6:22-64
13    <uses-permission android:name="android.permission.ACCESS_NETWORK_STATE" />
13-->src/main/AndroidManifest.xml:7:5-79
13-->src/main/AndroidManifest.xml:7:22-76
14    <uses-permission android:name="android.permission.CAMERA" />
14-->src/main/AndroidManifest.xml:8:5-65
14-->src/main/AndroidManifest.xml:8:22-62
15    <uses-permission android:name="android.permission.READ_EXTERNAL_STORAGE" />
15-->src/main/AndroidManifest.xml:9:5-80
15-->src/main/AndroidManifest.xml:9:22-77
16    <uses-permission android:name="android.permission.WRITE_EXTERNAL_STORAGE" />
16-->src/main/AndroidManifest.xml:10:5-81
16-->src/main/AndroidManifest.xml:10:22-78
17    <uses-permission android:name="android.permission.ACCESS_FINE_LOCATION" />
17-->src/main/AndroidManifest.xml:11:5-79
17-->src/main/AndroidManifest.xml:11:22-76
18    <uses-permission android:name="android.permission.ACCESS_COARSE_LOCATION" />
18-->src/main/AndroidManifest.xml:12:5-81
18-->src/main/AndroidManifest.xml:12:22-78
19
20    <application
20-->src/main/AndroidManifest.xml:14:5-35:19
21        android:allowBackup="true"
21-->src/main/AndroidManifest.xml:15:9-35
22        android:debuggable="true"
23        android:extractNativeLibs="true"
24        android:hardwareAccelerated="true"
24-->src/main/AndroidManifest.xml:21:9-43
25        android:icon="@mipmap/ic_launcher"
25-->src/main/AndroidManifest.xml:16:9-43
26        android:label="@string/app_name"
26-->src/main/AndroidManifest.xml:17:9-41
27        android:roundIcon="@mipmap/ic_launcher_round"
27-->src/main/AndroidManifest.xml:18:9-54
28        android:supportsRtl="true"
28-->src/main/AndroidManifest.xml:19:9-35
29        android:theme="@style/AppTheme"
29-->src/main/AndroidManifest.xml:20:9-40
30        android:usesCleartextTraffic="true" >
30-->src/main/AndroidManifest.xml:22:9-44
31        <activity
31-->src/main/AndroidManifest.xml:24:9-34:20
32            android:name="com.itorg.management.MainActivity"
32-->src/main/AndroidManifest.xml:25:13-41
33            android:configChanges="orientation|keyboardHidden|keyboard|screenSize|locale|smallestScreenSize|screenLayout|uiMode"
33-->src/main/AndroidManifest.xml:28:13-129
34            android:exported="true"
34-->src/main/AndroidManifest.xml:26:13-36
35            android:launchMode="singleTask"
35-->src/main/AndroidManifest.xml:27:13-44
36            android:windowSoftInputMode="adjustResize" >
36-->src/main/AndroidManifest.xml:29:13-55
37            <intent-filter>
37-->src/main/AndroidManifest.xml:30:13-33:29
38                <action android:name="android.intent.action.MAIN" />
38-->src/main/AndroidManifest.xml:31:17-69
38-->src/main/AndroidManifest.xml:31:25-66
39
40                <category android:name="android.intent.category.LAUNCHER" />
40-->src/main/AndroidManifest.xml:32:17-77
40-->src/main/AndroidManifest.xml:32:27-74
41            </intent-filter>
42        </activity>
43    </application>
44
45</manifest>